<?xml version="1.0" encoding="UTF-8"?>
<!-- Generated by org.testng.reporters.JUnitReportReporter -->
<testsuite hostname="DESKTOP-DC59HOL" failures="0" tests="1" name="com.Guru99_banking.testcases.TC_EditCustDetails_003" time="30.206" errors="0" timestamp="2022-11-23T15:44:51 IST" skipped="0">
  <testcase classname="com.Guru99_banking.testcases.TC_EditCustDetails_003" name="VerifyEditCustomer" time="30.206"/>
  <system-out/>
</testsuite> <!-- com.Guru99_banking.testcases.TC_EditCustDetails_003 -->
