<?xml version="1.0" encoding="UTF-8"?>
<!-- Generated by org.testng.reporters.JUnitReportReporter -->
<testsuite hostname="DESKTOP-DC59HOL" failures="0" tests="1" name="com.inetbanking.testcases.TC_Homepage_004" time="86.514" errors="0" timestamp="2022-11-20T17:45:13 IST" skipped="0">
  <testcase classname="com.inetbanking.testcases.TC_Homepage_004" name="verifyHomePagelinks" time="86.514"/>
  <system-out/>
</testsuite> <!-- com.inetbanking.testcases.TC_Homepage_004 -->
