<?xml version="1.0" encoding="UTF-8"?>
<!-- Generated by org.testng.reporters.JUnitReportReporter -->
<testsuite hostname="DESKTOP-DC59HOL" failures="0" tests="1" name="com.Guru99_banking.testcases.TC_Homepage_004" time="64.631" errors="0" timestamp="2022-11-23T15:46:33 IST" skipped="0">
  <testcase classname="com.Guru99_banking.testcases.TC_Homepage_004" name="verifyHomePagelinks" time="64.631"/>
  <system-out/>
</testsuite> <!-- com.Guru99_banking.testcases.TC_Homepage_004 -->
