<?xml version="1.0" encoding="UTF-8"?>
<!-- Generated by org.testng.reporters.JUnitReportReporter -->
<testsuite hostname="DESKTOP-DC59HOL" failures="0" tests="1" name="com.inetbanking.testcases.TC_EditCustDetails_003" time="26.438" errors="0" timestamp="2022-11-20T17:48:26 IST" skipped="0">
  <testcase classname="com.inetbanking.testcases.TC_EditCustDetails_003" name="VerifyEditCustomer" time="26.438"/>
  <system-out/>
</testsuite> <!-- com.inetbanking.testcases.TC_EditCustDetails_003 -->
