<?xml version="1.0" encoding="UTF-8"?>
<!-- Generated by org.testng.reporters.JUnitReportReporter -->
<testsuite hostname="DESKTOP-DC59HOL" failures="0" tests="4" name="com.Guru99_banking.testcases.TC_AddCustomerTest_002" time="93.344" errors="0" timestamp="2022-11-23T15:43:34 IST" skipped="0">
  <testcase classname="com.Guru99_banking.testcases.TC_AddCustomerTest_002" name="verifyBtnsDisplayed" time="23.530"/>
  <system-out/>
  <testcase classname="com.Guru99_banking.testcases.TC_AddCustomerTest_002" name="verifyBtnsEnabled" time="25.832"/>
  <system-out/>
  <testcase classname="com.Guru99_banking.testcases.TC_AddCustomerTest_002" name="VerifyAddNewCustomer" time="23.400"/>
  <system-out/>
  <testcase classname="com.Guru99_banking.testcases.TC_AddCustomerTest_002" name="verifyAddCustPageSpell" time="20.582"/>
  <system-out/>
</testsuite> <!-- com.Guru99_banking.testcases.TC_AddCustomerTest_002 -->
