<?xml version="1.0" encoding="UTF-8"?>
<!-- Generated by org.testng.reporters.JUnitReportReporter -->
<testsuite hostname="DESKTOP-DC59HOL" failures="0" tests="2" name="com.inetbanking.testcases.TC_UpadateCustDetails_003" time="40.134" errors="0" timestamp="2022-11-20T13:36:52 IST" skipped="0">
  <testcase classname="com.inetbanking.testcases.TC_UpadateCustDetails_003" name="VerifyEditCustomer" time="27.451"/>
  <system-out/>
  <testcase classname="com.inetbanking.testcases.TC_UpadateCustDetails_003" name="ebaled" time="12.683"/>
  <system-out/>
</testsuite> <!-- com.inetbanking.testcases.TC_UpadateCustDetails_003 -->
