<?xml version="1.0" encoding="UTF-8"?>
<!-- Generated by org.testng.reporters.JUnitReportReporter -->
<testsuite hostname="DESKTOP-DC59HOL" failures="0" tests="4" name="com.inetbanking.testcases.TC_AddCustomerTest_002" time="79.305" errors="0" timestamp="2022-11-20T17:40:27 IST" skipped="0">
  <testcase classname="com.inetbanking.testcases.TC_AddCustomerTest_002" name="verifyBtnsDisplayed" time="19.462"/>
  <system-out/>
  <testcase classname="com.inetbanking.testcases.TC_AddCustomerTest_002" name="verifyBtnsEnabled" time="20.741"/>
  <system-out/>
  <testcase classname="com.inetbanking.testcases.TC_AddCustomerTest_002" name="VerifyAddNewCustomer" time="24.998"/>
  <system-out/>
  <testcase classname="com.inetbanking.testcases.TC_AddCustomerTest_002" name="verifyAddCustPageSpell" time="14.104"/>
  <system-out/>
</testsuite> <!-- com.inetbanking.testcases.TC_AddCustomerTest_002 -->
